2026-07-13 22:30:01,402 INFO httpx HTTP Request: POST https://api.telegram.org/bot8308553263:AAGfJnwcZjJAfPkO-1i1x6LdqgNI4Km9rL4/getMe "HTTP/1.1 200 OK"
2026-07-13 22:30:01,607 INFO httpx HTTP Request: POST https://api.telegram.org/bot8308553263:AAGfJnwcZjJAfPkO-1i1x6LdqgNI4Km9rL4/deleteWebhook "HTTP/1.1 200 OK"
2026-07-13 22:30:01,609 INFO telegram.ext.Application Application started
2026-07-13 22:30:02,203 INFO httpx HTTP Request: POST https://api.telegram.org/bot8308553263:AAGfJnwcZjJAfPkO-1i1x6LdqgNI4Km9rL4/getUpdates "HTTP/1.1 200 OK"
2026-07-13 22:30:02,587 INFO httpx HTTP Request: POST https://api.telegram.org/bot8308553263:AAGfJnwcZjJAfPkO-1i1x6LdqgNI4Km9rL4/sendChatAction "HTTP/1.1 200 OK"
2026-07-13 22:30:03,029 INFO httpx HTTP Request: POST https://api.telegram.org/bot8308553263:AAGfJnwcZjJAfPkO-1i1x6LdqgNI4Km9rL4/sendMessage "HTTP/1.1 200 OK"
2026-07-13 22:30:03,426 INFO httpx HTTP Request: POST https://api.telegram.org/bot8308553263:AAGfJnwcZjJAfPkO-1i1x6LdqgNI4Km9rL4/sendChatAction "HTTP/1.1 200 OK"
2026-07-13 22:30:03,846 INFO httpx HTTP Request: POST https://api.telegram.org/bot8308553263:AAGfJnwcZjJAfPkO-1i1x6LdqgNI4Km9rL4/sendMessage "HTTP/1.1 200 OK"
2026-07-13 22:30:12,436 INFO httpx HTTP Request: POST https://api.telegram.org/bot8308553263:AAGfJnwcZjJAfPkO-1i1x6LdqgNI4Km9rL4/getUpdates "HTTP/1.1 200 OK"
2026-07-13 22:30:22,703 INFO httpx HTTP Request: POST https://api.telegram.org/bot8308553263:AAGfJnwcZjJAfPkO-1i1x6LdqgNI4Km9rL4/getUpdates "HTTP/1.1 200 OK"
2026-07-13 22:30:32,909 INFO httpx HTTP Request: POST https://api.telegram.org/bot8308553263:AAGfJnwcZjJAfPkO-1i1x6LdqgNI4Km9rL4/getUpdates "HTTP/1.1 200 OK"
2026-07-13 22:30:43,148 INFO httpx HTTP Request: POST https://api.telegram.org/bot8308553263:AAGfJnwcZjJAfPkO-1i1x6LdqgNI4Km9rL4/getUpdates "HTTP/1.1 200 OK"
2026-07-13 22:30:53,536 INFO httpx HTTP Request: POST https://api.telegram.org/bot8308553263:AAGfJnwcZjJAfPkO-1i1x6LdqgNI4Km9rL4/getUpdates "HTTP/1.1 200 OK"
2026-07-13 22:31:03,883 INFO httpx HTTP Request: POST https://api.telegram.org/bot8308553263:AAGfJnwcZjJAfPkO-1i1x6LdqgNI4Km9rL4/getUpdates "HTTP/1.1 200 OK"
2026-07-13 22:31:14,244 INFO httpx HTTP Request: POST https://api.telegram.org/bot8308553263:AAGfJnwcZjJAfPkO-1i1x6LdqgNI4Km9rL4/getUpdates "HTTP/1.1 200 OK"
2026-07-13 22:31:24,472 INFO httpx HTTP Request: POST https://api.telegram.org/bot8308553263:AAGfJnwcZjJAfPkO-1i1x6LdqgNI4Km9rL4/getUpdates "HTTP/1.1 200 OK"
2026-07-13 22:31:34,788 INFO httpx HTTP Request: POST https://api.telegram.org/bot8308553263:AAGfJnwcZjJAfPkO-1i1x6LdqgNI4Km9rL4/getUpdates "HTTP/1.1 200 OK"
2026-07-13 22:31:45,117 INFO httpx HTTP Request: POST https://api.telegram.org/bot8308553263:AAGfJnwcZjJAfPkO-1i1x6LdqgNI4Km9rL4/getUpdates "HTTP/1.1 200 OK"
2026-07-13 22:31:55,378 INFO httpx HTTP Request: POST https://api.telegram.org/bot8308553263:AAGfJnwcZjJAfPkO-1i1x6LdqgNI4Km9rL4/getUpdates "HTTP/1.1 200 OK"
2026-07-13 22:32:05,691 INFO httpx HTTP Request: POST https://api.telegram.org/bot8308553263:AAGfJnwcZjJAfPkO-1i1x6LdqgNI4Km9rL4/getUpdates "HTTP/1.1 200 OK"
2026-07-13 22:32:15,930 INFO httpx HTTP Request: POST https://api.telegram.org/bot8308553263:AAGfJnwcZjJAfPkO-1i1x6LdqgNI4Km9rL4/getUpdates "HTTP/1.1 200 OK"
2026-07-13 22:32:26,201 INFO httpx HTTP Request: POST https://api.telegram.org/bot8308553263:AAGfJnwcZjJAfPkO-1i1x6LdqgNI4Km9rL4/getUpdates "HTTP/1.1 200 OK"
2026-07-13 22:32:36,405 INFO httpx HTTP Request: POST https://api.telegram.org/bot8308553263:AAGfJnwcZjJAfPkO-1i1x6LdqgNI4Km9rL4/getUpdates "HTTP/1.1 200 OK"
2026-07-13 22:32:46,786 INFO httpx HTTP Request: POST https://api.telegram.org/bot8308553263:AAGfJnwcZjJAfPkO-1i1x6LdqgNI4Km9rL4/getUpdates "HTTP/1.1 200 OK"
2026-07-13 22:32:56,989 INFO httpx HTTP Request: POST https://api.telegram.org/bot8308553263:AAGfJnwcZjJAfPkO-1i1x6LdqgNI4Km9rL4/getUpdates "HTTP/1.1 200 OK"
2026-07-13 22:33:07,190 INFO httpx HTTP Request: POST https://api.telegram.org/bot8308553263:AAGfJnwcZjJAfPkO-1i1x6LdqgNI4Km9rL4/getUpdates "HTTP/1.1 200 OK"
2026-07-13 22:33:17,387 INFO httpx HTTP Request: POST https://api.telegram.org/bot8308553263:AAGfJnwcZjJAfPkO-1i1x6LdqgNI4Km9rL4/getUpdates "HTTP/1.1 200 OK"
2026-07-13 22:33:27,596 INFO httpx HTTP Request: POST https://api.telegram.org/bot8308553263:AAGfJnwcZjJAfPkO-1i1x6LdqgNI4Km9rL4/getUpdates "HTTP/1.1 200 OK"
2026-07-13 22:33:37,808 INFO httpx HTTP Request: POST https://api.telegram.org/bot8308553263:AAGfJnwcZjJAfPkO-1i1x6LdqgNI4Km9rL4/getUpdates "HTTP/1.1 200 OK"
2026-07-13 22:33:48,032 INFO httpx HTTP Request: POST https://api.telegram.org/bot8308553263:AAGfJnwcZjJAfPkO-1i1x6LdqgNI4Km9rL4/getUpdates "HTTP/1.1 200 OK"
2026-07-13 22:33:58,255 INFO httpx HTTP Request: POST https://api.telegram.org/bot8308553263:AAGfJnwcZjJAfPkO-1i1x6LdqgNI4Km9rL4/getUpdates "HTTP/1.1 200 OK"
2026-07-13 22:34:08,458 INFO httpx HTTP Request: POST https://api.telegram.org/bot8308553263:AAGfJnwcZjJAfPkO-1i1x6LdqgNI4Km9rL4/getUpdates "HTTP/1.1 200 OK"
2026-07-13 22:34:18,676 INFO httpx HTTP Request: POST https://api.telegram.org/bot8308553263:AAGfJnwcZjJAfPkO-1i1x6LdqgNI4Km9rL4/getUpdates "HTTP/1.1 200 OK"
2026-07-13 22:34:29,081 INFO httpx HTTP Request: POST https://api.telegram.org/bot8308553263:AAGfJnwcZjJAfPkO-1i1x6LdqgNI4Km9rL4/getUpdates "HTTP/1.1 200 OK"
2026-07-13 22:34:39,627 INFO httpx HTTP Request: POST https://api.telegram.org/bot8308553263:AAGfJnwcZjJAfPkO-1i1x6LdqgNI4Km9rL4/getUpdates "HTTP/1.1 200 OK"
2026-07-13 22:34:49,866 INFO httpx HTTP Request: POST https://api.telegram.org/bot8308553263:AAGfJnwcZjJAfPkO-1i1x6LdqgNI4Km9rL4/getUpdates "HTTP/1.1 200 OK"
2026-07-13 22:34:54,439 INFO httpx HTTP Request: POST https://api.telegram.org/bot8308553263:AAGfJnwcZjJAfPkO-1i1x6LdqgNI4Km9rL4/getUpdates "HTTP/1.1 200 OK"
2026-07-13 22:34:55,347 INFO httpx HTTP Request: POST https://api.telegram.org/bot8308553263:AAGfJnwcZjJAfPkO-1i1x6LdqgNI4Km9rL4/sendChatAction "HTTP/1.1 200 OK"
2026-07-13 22:34:55,739 INFO httpx HTTP Request: POST https://api.telegram.org/bot8308553263:AAGfJnwcZjJAfPkO-1i1x6LdqgNI4Km9rL4/sendMessage "HTTP/1.1 200 OK"
2026-07-13 22:35:04,684 INFO httpx HTTP Request: POST https://api.telegram.org/bot8308553263:AAGfJnwcZjJAfPkO-1i1x6LdqgNI4Km9rL4/getUpdates "HTTP/1.1 200 OK"
2026-07-13 22:35:14,878 INFO httpx HTTP Request: POST https://api.telegram.org/bot8308553263:AAGfJnwcZjJAfPkO-1i1x6LdqgNI4Km9rL4/getUpdates "HTTP/1.1 200 OK"
2026-07-13 22:35:25,108 INFO httpx HTTP Request: POST https://api.telegram.org/bot8308553263:AAGfJnwcZjJAfPkO-1i1x6LdqgNI4Km9rL4/getUpdates "HTTP/1.1 200 OK"
2026-07-13 22:35:35,443 INFO httpx HTTP Request: POST https://api.telegram.org/bot8308553263:AAGfJnwcZjJAfPkO-1i1x6LdqgNI4Km9rL4/getUpdates "HTTP/1.1 200 OK"
